build/app/intermediates/manifest_merge_blame_file/debug/manifest-merger-blame-debug-report.txt
1<?xml version="1.0" encoding="utf-8"?>
2<manifest xmlns:android="http://schemas.android.com/apk/res/android"
3    package="com.iqonic.handyman.admin"
4    android:versionCode="13"
5    android:versionName="3.4.1" >
6
7    <uses-sdk
8        android:minSdkVersion="21"
9        android:targetSdkVersion="33" />
10    <!--
11         Flutter needs it to communicate with the running application
12         to allow setting breakpoints, to provide hot reload, etc.
13    -->
14    <uses-permission android:name="android.permission.INTERNET" />
14-->src/main/AndroidManifest.xml:3:5-67
14-->src/main/AndroidManifest.xml:3:22-64
15    <uses-permission android:name="android.permission.WRITE_EXTERNAL_STORAGE" />
15-->src/main/AndroidManifest.xml:4:5-80
15-->src/main/AndroidManifest.xml:4:22-78
16    <uses-permission android:name="android.permission.READ_EXTERNAL_STORAGE" />
16-->src/main/AndroidManifest.xml:5:5-79
16-->src/main/AndroidManifest.xml:5:22-77
17    <uses-permission android:name="android.permission.ACCESS_FINE_LOCATION" />
17-->src/main/AndroidManifest.xml:6:5-79
17-->src/main/AndroidManifest.xml:6:22-76
18    <uses-permission android:name="android.permission.ACCESS_COARSE_LOCATION" />
18-->src/main/AndroidManifest.xml:7:5-81
18-->src/main/AndroidManifest.xml:7:22-78
19
20    <queries>
20-->src/main/AndroidManifest.xml:8:5-17:15
21        <intent>
21-->src/main/AndroidManifest.xml:9:9-12:18
22            <action android:name="android.intent.action.VIEW" />
22-->src/main/AndroidManifest.xml:10:13-65
22-->src/main/AndroidManifest.xml:10:21-62
23
24            <data android:scheme="https" />
24-->src/main/AndroidManifest.xml:11:13-44
24-->src/main/AndroidManifest.xml:11:19-41
25        </intent>
26        <intent>
26-->src/main/AndroidManifest.xml:13:9-16:18
27            <action android:name="android.intent.action.SEND" />
27-->src/main/AndroidManifest.xml:14:13-65
27-->src/main/AndroidManifest.xml:14:21-62
28
29            <data android:mimeType="*/*" />
29-->src/main/AndroidManifest.xml:11:13-44
30        </intent>
31        <intent>
31-->[:file_picker] AndroidManifest.xml:10:9-14:18
32            <action android:name="android.intent.action.GET_CONTENT" />
32-->[:file_picker] AndroidManifest.xml:11:13-72
32-->[:file_picker] AndroidManifest.xml:11:21-69
33
34            <data android:mimeType="*/*" />
34-->src/main/AndroidManifest.xml:11:13-44
35        </intent>
36        <intent>
36-->[com.github.droibit:customtabslauncher:1.7.1] AndroidManifest.xml:8:9-10:18
37            <action android:name="android.support.customtabs.action.CustomTabsService" />
37-->[com.github.droibit:customtabslauncher:1.7.1] AndroidManifest.xml:9:13-90
37-->[com.github.droibit:customtabslauncher:1.7.1] AndroidManifest.xml:9:21-87
38        </intent> <!-- Needs to be explicitly declared on Android R+ -->
39        <package android:name="com.google.android.apps.maps" />
39-->[com.google.android.gms:play-services-maps:18.2.0] AndroidManifest.xml:33:9-64
39-->[com.google.android.gms:play-services-maps:18.2.0] AndroidManifest.xml:33:18-61
40    </queries>
41
42    <uses-permission android:name="android.permission.ACCESS_NETWORK_STATE" /> <!-- Create a unique permission for your app and use it so only your app can receive your OneSignal messages. -->
42-->[:nb_utils] AndroidManifest.xml:8:5-79
42-->[:nb_utils] AndroidManifest.xml:8:22-76
43    <permission
43-->[com.onesignal:notifications:5.1.2] AndroidManifest.xml:10:5-12:47
44        android:name="com.iqonic.handyman.admin.permission.C2D_MESSAGE"
44-->[com.onesignal:notifications:5.1.2] AndroidManifest.xml:11:9-63
45        android:protectionLevel="signature" />
45-->[com.onesignal:notifications:5.1.2] AndroidManifest.xml:12:9-44
46
47    <uses-permission android:name="com.iqonic.handyman.admin.permission.C2D_MESSAGE" /> <!-- Required runtime permission to display notifications on Android 13 -->
47-->[com.onesignal:notifications:5.1.2] AndroidManifest.xml:14:5-79
47-->[com.onesignal:notifications:5.1.2] AndroidManifest.xml:14:22-76
48    <uses-permission android:name="android.permission.POST_NOTIFICATIONS" /> <!-- Required, makes sure notifications are delivered on time. -->
48-->[com.onesignal:notifications:5.1.2] AndroidManifest.xml:17:5-77
48-->[com.onesignal:notifications:5.1.2] AndroidManifest.xml:17:22-74
49    <uses-permission android:name="android.permission.WAKE_LOCK" /> <!-- c2dm RECEIVE are basic requirements for push messages through Google's FCM -->
49-->[com.onesignal:notifications:5.1.2] AndroidManifest.xml:18:5-68
49-->[com.onesignal:notifications:5.1.2] AndroidManifest.xml:18:22-65
50    <uses-permission android:name="com.google.android.c2dm.permission.RECEIVE" />
50-->[com.onesignal:notifications:5.1.2] AndroidManifest.xml:19:5-82
50-->[com.onesignal:notifications:5.1.2] AndroidManifest.xml:19:22-79
51    <!--
52 Required so the device vibrates on receiving a push notification.
53         Vibration settings of the device still apply.
54    -->
55    <uses-permission android:name="android.permission.VIBRATE" />
55-->[com.onesignal:notifications:5.1.2] AndroidManifest.xml:24:5-66
55-->[com.onesignal:notifications:5.1.2] AndroidManifest.xml:24:22-63
56    <!--
57 Use to restore notifications the user hasn't interacted with.
58     They could be missed notifications if the user reboots their device if this isn't in place.
59    -->
60    <uses-permission android:name="android.permission.RECEIVE_BOOT_COMPLETED" /> <!-- START: ShortcutBadger -->
60-->[com.onesignal:notifications:5.1.2] AndroidManifest.xml:29:5-81
60-->[com.onesignal:notifications:5.1.2] AndroidManifest.xml:29:22-78
61    <!-- Samsung -->
62    <uses-permission android:name="com.sec.android.provider.badge.permission.READ" />
62-->[com.onesignal:notifications:5.1.2] AndroidManifest.xml:31:5-86
62-->[com.onesignal:notifications:5.1.2] AndroidManifest.xml:31:22-83
63    <uses-permission android:name="com.sec.android.provider.badge.permission.WRITE" /> <!-- HTC -->
63-->[com.onesignal:notifications:5.1.2] AndroidManifest.xml:32:5-87
63-->[com.onesignal:notifications:5.1.2] AndroidManifest.xml:32:22-84
64    <uses-permission android:name="com.htc.launcher.permission.READ_SETTINGS" />
64-->[com.onesignal:notifications:5.1.2] AndroidManifest.xml:33:5-81
64-->[com.onesignal:notifications:5.1.2] AndroidManifest.xml:33:22-78
65    <uses-permission android:name="com.htc.launcher.permission.UPDATE_SHORTCUT" /> <!-- Sony -->
65-->[com.onesignal:notifications:5.1.2] AndroidManifest.xml:34:5-83
65-->[com.onesignal:notifications:5.1.2] AndroidManifest.xml:34:22-80
66    <uses-permission android:name="com.sonyericsson.home.permission.BROADCAST_BADGE" />
66-->[com.onesignal:notifications:5.1.2] AndroidManifest.xml:35:5-88
66-->[com.onesignal:notifications:5.1.2] AndroidManifest.xml:35:22-85
67    <uses-permission android:name="com.sonymobile.home.permission.PROVIDER_INSERT_BADGE" /> <!-- Apex -->
67-->[com.onesignal:notifications:5.1.2] AndroidManifest.xml:36:5-92
67-->[com.onesignal:notifications:5.1.2] AndroidManifest.xml:36:22-89
68    <uses-permission android:name="com.anddoes.launcher.permission.UPDATE_COUNT" /> <!-- Solid -->
68-->[com.onesignal:notifications:5.1.2] AndroidManifest.xml:37:5-84
68-->[com.onesignal:notifications:5.1.2] AndroidManifest.xml:37:22-81
69    <uses-permission android:name="com.majeur.launcher.permission.UPDATE_BADGE" /> <!-- Huawei -->
69-->[com.onesignal:notifications:5.1.2] AndroidManifest.xml:38:5-83
69-->[com.onesignal:notifications:5.1.2] AndroidManifest.xml:38:22-80
70    <uses-permission android:name="com.huawei.android.launcher.permission.CHANGE_BADGE" />
70-->[com.onesignal:notifications:5.1.2] AndroidManifest.xml:39:5-91
70-->[com.onesignal:notifications:5.1.2] AndroidManifest.xml:39:22-88
71    <uses-permission android:name="com.huawei.android.launcher.permission.READ_SETTINGS" />
71-->[com.onesignal:notifications:5.1.2] AndroidManifest.xml:40:5-92
71-->[com.onesignal:notifications:5.1.2] AndroidManifest.xml:40:22-89
72    <uses-permission android:name="com.huawei.android.launcher.permission.WRITE_SETTINGS" /> <!-- ZUK -->
72-->[com.onesignal:notifications:5.1.2] AndroidManifest.xml:41:5-93
72-->[com.onesignal:notifications:5.1.2] AndroidManifest.xml:41:22-90
73    <uses-permission android:name="android.permission.READ_APP_BADGE" /> <!-- OPPO -->
73-->[com.onesignal:notifications:5.1.2] AndroidManifest.xml:42:5-73
73-->[com.onesignal:notifications:5.1.2] AndroidManifest.xml:42:22-70
74    <uses-permission android:name="com.oppo.launcher.permission.READ_SETTINGS" />
74-->[com.onesignal:notifications:5.1.2] AndroidManifest.xml:43:5-82
74-->[com.onesignal:notifications:5.1.2] AndroidManifest.xml:43:22-79
75    <uses-permission android:name="com.oppo.launcher.permission.WRITE_SETTINGS" /> <!-- EvMe -->
75-->[com.onesignal:notifications:5.1.2] AndroidManifest.xml:44:5-83
75-->[com.onesignal:notifications:5.1.2] AndroidManifest.xml:44:22-80
76    <uses-permission android:name="me.everything.badger.permission.BADGE_COUNT_READ" />
76-->[com.onesignal:notifications:5.1.2] AndroidManifest.xml:45:5-88
76-->[com.onesignal:notifications:5.1.2] AndroidManifest.xml:45:22-85
77    <uses-permission android:name="me.everything.badger.permission.BADGE_COUNT_WRITE" />
77-->[com.onesignal:notifications:5.1.2] AndroidManifest.xml:46:5-89
77-->[com.onesignal:notifications:5.1.2] AndroidManifest.xml:46:22-86
78
79    <uses-feature
79-->[com.google.android.gms:play-services-maps:18.2.0] AndroidManifest.xml:26:5-28:35
80        android:glEsVersion="0x00020000"
80-->[com.google.android.gms:play-services-maps:18.2.0] AndroidManifest.xml:27:9-41
81        android:required="true" />
81-->[com.google.android.gms:play-services-maps:18.2.0] AndroidManifest.xml:28:9-32
82
83    <uses-permission android:name="android.permission.FOREGROUND_SERVICE" />
83-->[androidx.work:work-runtime:2.8.1] AndroidManifest.xml:26:5-77
83-->[androidx.work:work-runtime:2.8.1] AndroidManifest.xml:26:22-74
84
85    <permission
85-->[androidx.core:core:1.10.1] AndroidManifest.xml:22:5-24:47
86        android:name="com.iqonic.handyman.admin.DYNAMIC_RECEIVER_NOT_EXPORTED_PERMISSION"
86-->[androidx.core:core:1.10.1] AndroidManifest.xml:23:9-81
87        android:protectionLevel="signature" />
87-->[androidx.core:core:1.10.1] AndroidManifest.xml:24:9-44
88
89    <uses-permission android:name="com.iqonic.handyman.admin.DYNAMIC_RECEIVER_NOT_EXPORTED_PERMISSION" />
89-->[androidx.core:core:1.10.1] AndroidManifest.xml:26:5-97
89-->[androidx.core:core:1.10.1] AndroidManifest.xml:26:22-94
90
91    <application
91-->src/main/AndroidManifest.xml:18:4-65:19
92        android:appComponentFactory="androidx.core.app.CoreComponentFactory"
92-->[androidx.core:core:1.10.1] AndroidManifest.xml:28:18-86
93        android:debuggable="true"
94        android:icon="@mipmap/ic_launcher"
94-->src/main/AndroidManifest.xml:20:9-43
95        android:label="Handyman Admin App" >
95-->src/main/AndroidManifest.xml:19:9-43
96        <activity
96-->src/main/AndroidManifest.xml:21:9-55:20
97            android:name="com.iqonic.handyman_admin.MainActivity"
97-->src/main/AndroidManifest.xml:22:13-41
98            android:configChanges="orientation|keyboardHidden|keyboard|screenSize|smallestScreenSize|locale|layoutDirection|fontScale|screenLayout|density|uiMode"
98-->src/main/AndroidManifest.xml:25:13-163
99            android:exported="true"
99-->src/main/AndroidManifest.xml:27:13-36
100            android:hardwareAccelerated="true"
100-->src/main/AndroidManifest.xml:26:13-47
101            android:launchMode="singleTop"
101-->src/main/AndroidManifest.xml:23:13-43
102            android:theme="@style/LaunchTheme"
102-->src/main/AndroidManifest.xml:24:13-47
103            android:windowSoftInputMode="adjustResize" >
103-->src/main/AndroidManifest.xml:28:13-55
104
105            <!--
106                 Specifies an Android theme to apply to this Activity as soon as
107                 the Android process has started. This theme is visible to the user
108                 while the Flutter UI initializes. After that, this theme continues
109                 to determine the Window background behind the Flutter UI.
110            -->
111            <meta-data
111-->src/main/AndroidManifest.xml:33:13-36:17
112                android:name="io.flutter.embedding.android.NormalTheme"
112-->src/main/AndroidManifest.xml:34:15-70
113                android:resource="@style/NormalTheme" />
113-->src/main/AndroidManifest.xml:35:15-52
114            <meta-data
114-->src/main/AndroidManifest.xml:37:13-39:74
115                android:name="com.google.firebase.messaging.default_notification_icon"
115-->src/main/AndroidManifest.xml:38:17-87
116                android:resource="@drawable/ic_stat_onesignal_default" />
116-->src/main/AndroidManifest.xml:39:17-71
117            <!--
118                 Displays an Android View that continues showing the launch screen
119                 Drawable until Flutter paints its first frame, then this splash
120                 screen fades out. A splash screen is useful to avoid any visual
121                 gap between the end of Android's launch screen and the painting of
122                 Flutter's first frame.
123            -->
124            <meta-data
124-->src/main/AndroidManifest.xml:45:13-48:17
125                android:name="io.flutter.embedding.android.SplashScreenDrawable"
125-->src/main/AndroidManifest.xml:46:15-79
126                android:resource="@drawable/launch_background" />
126-->src/main/AndroidManifest.xml:47:15-61
127
128            <intent-filter>
128-->src/main/AndroidManifest.xml:50:13-53:29
129                <action android:name="android.intent.action.MAIN" />
129-->src/main/AndroidManifest.xml:51:17-68
129-->src/main/AndroidManifest.xml:51:25-66
130
131                <category android:name="android.intent.category.LAUNCHER" />
131-->src/main/AndroidManifest.xml:52:17-76
131-->src/main/AndroidManifest.xml:52:27-74
132            </intent-filter>
133        </activity>
134        <!--
135             Don't delete the meta-data below.
136             This is used by the Flutter tool to generate GeneratedPluginRegistrant.java
137        -->
138
139        <meta-data
139-->src/main/AndroidManifest.xml:59:9-61:33
140            android:name="flutterEmbedding"
140-->src/main/AndroidManifest.xml:60:13-44
141            android:value="2" />
141-->src/main/AndroidManifest.xml:61:13-30
142        <meta-data
142-->src/main/AndroidManifest.xml:62:8-64:31
143            android:name="com.google.android.geo.API_KEY"
143-->src/main/AndroidManifest.xml:63:12-57
144            android:value="" />
144-->src/main/AndroidManifest.xml:64:12-28
145
146        <service
146-->[:firebase_crashlytics] AndroidManifest.xml:8:9-12:19
147            android:name="com.google.firebase.components.ComponentDiscoveryService"
147-->[:firebase_crashlytics] AndroidManifest.xml:8:18-89
148            android:directBootAware="true"
148-->[com.google.firebase:firebase-common:20.4.2] AndroidManifest.xml:32:13-43
149            android:exported="false" >
149-->[com.google.firebase:firebase-crashlytics:18.6.1] AndroidManifest.xml:14:13-37
150            <meta-data
150-->[:firebase_crashlytics] AndroidManifest.xml:9:13-11:85
151                android:name="com.google.firebase.components:io.flutter.plugins.firebase.crashlytics.FlutterFirebaseAppRegistrar"
151-->[:firebase_crashlytics] AndroidManifest.xml:10:17-130
152                android:value="com.google.firebase.components.ComponentRegistrar" />
152-->[:firebase_crashlytics] AndroidManifest.xml:11:17-82
153            <meta-data
153-->[:firebase_remote_config] AndroidManifest.xml:9:13-11:85
154                android:name="com.google.firebase.components:io.flutter.plugins.firebase.firebaseremoteconfig.FlutterFirebaseAppRegistrar"
154-->[:firebase_remote_config] AndroidManifest.xml:10:17-139
155                android:value="com.google.firebase.components.ComponentRegistrar" />
155-->[:firebase_remote_config] AndroidManifest.xml:11:17-82
156            <meta-data
156-->[:firebase_core] AndroidManifest.xml:9:13-11:85
157                android:name="com.google.firebase.components:io.flutter.plugins.firebase.core.FlutterFirebaseCoreRegistrar"
157-->[:firebase_core] AndroidManifest.xml:10:17-124
158                android:value="com.google.firebase.components.ComponentRegistrar" />
158-->[:firebase_core] AndroidManifest.xml:11:17-82
159            <meta-data
159-->[com.google.firebase:firebase-crashlytics:18.6.1] AndroidManifest.xml:15:13-17:85
160                android:name="com.google.firebase.components:com.google.firebase.crashlytics.FirebaseCrashlyticsKtxRegistrar"
160-->[com.google.firebase:firebase-crashlytics:18.6.1] AndroidManifest.xml:16:17-126
161                android:value="com.google.firebase.components.ComponentRegistrar" />
161-->[com.google.firebase:firebase-crashlytics:18.6.1] AndroidManifest.xml:17:17-82
162            <meta-data
162-->[com.google.firebase:firebase-crashlytics:18.6.1] AndroidManifest.xml:18:13-20:85
163                android:name="com.google.firebase.components:com.google.firebase.crashlytics.CrashlyticsRegistrar"
163-->[com.google.firebase:firebase-crashlytics:18.6.1] AndroidManifest.xml:19:17-115
164                android:value="com.google.firebase.components.ComponentRegistrar" />
164-->[com.google.firebase:firebase-crashlytics:18.6.1] AndroidManifest.xml:20:17-82
165            <meta-data
165-->[com.google.firebase:firebase-config:21.6.0] AndroidManifest.xml:29:13-31:85
166                android:name="com.google.firebase.components:com.google.firebase.remoteconfig.FirebaseRemoteConfigKtxRegistrar"
166-->[com.google.firebase:firebase-config:21.6.0] AndroidManifest.xml:30:17-128
167                android:value="com.google.firebase.components.ComponentRegistrar" />
167-->[com.google.firebase:firebase-config:21.6.0] AndroidManifest.xml:31:17-82
168            <meta-data
168-->[com.google.firebase:firebase-config:21.6.0] AndroidManifest.xml:32:13-34:85
169                android:name="com.google.firebase.components:com.google.firebase.remoteconfig.RemoteConfigRegistrar"
169-->[com.google.firebase:firebase-config:21.6.0] AndroidManifest.xml:33:17-117
170                android:value="com.google.firebase.components.ComponentRegistrar" />
170-->[com.google.firebase:firebase-config:21.6.0] AndroidManifest.xml:34:17-82
171            <meta-data
171-->[com.google.firebase:firebase-sessions:1.2.1] AndroidManifest.xml:29:13-31:85
172                android:name="com.google.firebase.components:com.google.firebase.sessions.FirebaseSessionsRegistrar"
172-->[com.google.firebase:firebase-sessions:1.2.1] AndroidManifest.xml:30:17-117
173                android:value="com.google.firebase.components.ComponentRegistrar" />
173-->[com.google.firebase:firebase-sessions:1.2.1] AndroidManifest.xml:31:17-82
174            <meta-data
174-->[com.google.firebase:firebase-messaging:23.4.0] AndroidManifest.xml:57:13-59:85
175                android:name="com.google.firebase.components:com.google.firebase.messaging.FirebaseMessagingKtxRegistrar"
175-->[com.google.firebase:firebase-messaging:23.4.0] AndroidManifest.xml:58:17-122
176                android:value="com.google.firebase.components.ComponentRegistrar" />
176-->[com.google.firebase:firebase-messaging:23.4.0] AndroidManifest.xml:59:17-82
177            <meta-data
177-->[com.google.firebase:firebase-messaging:23.4.0] AndroidManifest.xml:60:13-62:85
178                android:name="com.google.firebase.components:com.google.firebase.messaging.FirebaseMessagingRegistrar"
178-->[com.google.firebase:firebase-messaging:23.4.0] AndroidManifest.xml:61:17-119
179                android:value="com.google.firebase.components.ComponentRegistrar" />
179-->[com.google.firebase:firebase-messaging:23.4.0] AndroidManifest.xml:62:17-82
180            <meta-data
180-->[com.google.firebase:firebase-installations:17.2.0] AndroidManifest.xml:15:13-17:85
181                android:name="com.google.firebase.components:com.google.firebase.installations.FirebaseInstallationsKtxRegistrar"
181-->[com.google.firebase:firebase-installations:17.2.0] AndroidManifest.xml:16:17-130
182                android:value="com.google.firebase.components.ComponentRegistrar" />
182-->[com.google.firebase:firebase-installations:17.2.0] AndroidManifest.xml:17:17-82
183            <meta-data
183-->[com.google.firebase:firebase-installations:17.2.0] AndroidManifest.xml:18:13-20:85
184                android:name="com.google.firebase.components:com.google.firebase.installations.FirebaseInstallationsRegistrar"
184-->[com.google.firebase:firebase-installations:17.2.0] AndroidManifest.xml:19:17-127
185                android:value="com.google.firebase.components.ComponentRegistrar" />
185-->[com.google.firebase:firebase-installations:17.2.0] AndroidManifest.xml:20:17-82
186            <meta-data
186-->[com.google.firebase:firebase-common-ktx:20.4.2] AndroidManifest.xml:12:13-14:85
187                android:name="com.google.firebase.components:com.google.firebase.ktx.FirebaseCommonLegacyRegistrar"
187-->[com.google.firebase:firebase-common-ktx:20.4.2] AndroidManifest.xml:13:17-116
188                android:value="com.google.firebase.components.ComponentRegistrar" />
188-->[com.google.firebase:firebase-common-ktx:20.4.2] AndroidManifest.xml:14:17-82
189            <meta-data
189-->[com.google.firebase:firebase-common:20.4.2] AndroidManifest.xml:35:13-37:85
190                android:name="com.google.firebase.components:com.google.firebase.FirebaseCommonKtxRegistrar"
190-->[com.google.firebase:firebase-common:20.4.2] AndroidManifest.xml:36:17-109
191                android:value="com.google.firebase.components.ComponentRegistrar" />
191-->[com.google.firebase:firebase-common:20.4.2] AndroidManifest.xml:37:17-82
192            <meta-data
192-->[com.google.firebase:firebase-abt:21.1.1] AndroidManifest.xml:12:13-14:85
193                android:name="com.google.firebase.components:com.google.firebase.abt.component.AbtRegistrar"
193-->[com.google.firebase:firebase-abt:21.1.1] AndroidManifest.xml:13:17-109
194                android:value="com.google.firebase.components.ComponentRegistrar" />
194-->[com.google.firebase:firebase-abt:21.1.1] AndroidManifest.xml:14:17-82
195            <meta-data
195-->[com.google.firebase:firebase-datatransport:18.1.8] AndroidManifest.xml:27:13-29:85
196                android:name="com.google.firebase.components:com.google.firebase.datatransport.TransportRegistrar"
196-->[com.google.firebase:firebase-datatransport:18.1.8] AndroidManifest.xml:28:17-115
197                android:value="com.google.firebase.components.ComponentRegistrar" />
197-->[com.google.firebase:firebase-datatransport:18.1.8] AndroidManifest.xml:29:17-82
198        </service>
199        <service
199-->[:geolocator_android] AndroidManifest.xml:8:9-12:56
200            android:name="com.baseflow.geolocator.GeolocatorLocationService"
200-->[:geolocator_android] AndroidManifest.xml:9:13-77
201            android:enabled="true"
201-->[:geolocator_android] AndroidManifest.xml:10:13-35
202            android:exported="false"
202-->[:geolocator_android] AndroidManifest.xml:11:13-37
203            android:foregroundServiceType="location" />
203-->[:geolocator_android] AndroidManifest.xml:12:13-53
204
205        <provider
205-->[:image_picker_android] AndroidManifest.xml:8:9-16:20
206            android:name="io.flutter.plugins.imagepicker.ImagePickerFileProvider"
206-->[:image_picker_android] AndroidManifest.xml:9:13-82
207            android:authorities="com.iqonic.handyman.admin.flutter.image_provider"
207-->[:image_picker_android] AndroidManifest.xml:10:13-74
208            android:exported="false"
208-->[:image_picker_android] AndroidManifest.xml:11:13-37
209            android:grantUriPermissions="true" >
209-->[:image_picker_android] AndroidManifest.xml:12:13-47
210            <meta-data
210-->[:image_picker_android] AndroidManifest.xml:13:13-15:75
211                android:name="android.support.FILE_PROVIDER_PATHS"
211-->[:image_picker_android] AndroidManifest.xml:14:17-67
212                android:resource="@xml/flutter_image_picker_file_paths" />
212-->[:image_picker_android] AndroidManifest.xml:15:17-72
213        </provider>
214
215        <activity
215-->[:url_launcher_android] AndroidManifest.xml:8:9-11:74
216            android:name="io.flutter.plugins.urllauncher.WebViewActivity"
216-->[:url_launcher_android] AndroidManifest.xml:9:13-74
217            android:exported="false"
217-->[:url_launcher_android] AndroidManifest.xml:10:13-37
218            android:theme="@android:style/Theme.NoTitleBar.Fullscreen" />
218-->[:url_launcher_android] AndroidManifest.xml:11:13-71
219        <!--
220           Declares a provider which allows us to store files to share in
221           '.../caches/share_plus' and grant the receiving action access
222        -->
223        <provider
223-->[:share_plus] AndroidManifest.xml:13:9-21:20
224            android:name="dev.fluttercommunity.plus.share.ShareFileProvider"
224-->[:share_plus] AndroidManifest.xml:14:13-77
225            android:authorities="com.iqonic.handyman.admin.flutter.share_provider"
225-->[:share_plus] AndroidManifest.xml:15:13-74
226            android:exported="false"
226-->[:share_plus] AndroidManifest.xml:16:13-37
227            android:grantUriPermissions="true" >
227-->[:share_plus] AndroidManifest.xml:17:13-47
228            <meta-data
228-->[:image_picker_android] AndroidManifest.xml:13:13-15:75
229                android:name="android.support.FILE_PROVIDER_PATHS"
229-->[:image_picker_android] AndroidManifest.xml:14:17-67
230                android:resource="@xml/flutter_share_file_paths" />
230-->[:image_picker_android] AndroidManifest.xml:15:17-72
231        </provider>
232        <!--
233           This manifest declared broadcast receiver allows us to use an explicit
234           Intent when creating a PendingItent to be informed of the user's choice
235        -->
236        <receiver
236-->[:share_plus] AndroidManifest.xml:26:9-32:20
237            android:name="dev.fluttercommunity.plus.share.SharePlusPendingIntent"
237-->[:share_plus] AndroidManifest.xml:27:13-82
238            android:exported="false" >
238-->[:share_plus] AndroidManifest.xml:28:13-37
239            <intent-filter>
239-->[:share_plus] AndroidManifest.xml:29:13-31:29
240                <action android:name="EXTRA_CHOSEN_COMPONENT" />
240-->[:share_plus] AndroidManifest.xml:30:17-65
240-->[:share_plus] AndroidManifest.xml:30:25-62
241            </intent-filter>
242        </receiver>
243
244        <provider
244-->[com.sangcomz:FishBun:0.11.2] AndroidManifest.xml:12:9-20:20
245            android:name="com.sangcomz.fishbun.FishBunFileProvider"
245-->[com.sangcomz:FishBun:0.11.2] AndroidManifest.xml:13:13-68
246            android:authorities="com.iqonic.handyman.admin.fishbunfileprovider"
246-->[com.sangcomz:FishBun:0.11.2] AndroidManifest.xml:14:13-71
247            android:exported="false"
247-->[com.sangcomz:FishBun:0.11.2] AndroidManifest.xml:15:13-37
248            android:grantUriPermissions="true" >
248-->[com.sangcomz:FishBun:0.11.2] AndroidManifest.xml:16:13-47
249            <meta-data
249-->[:image_picker_android] AndroidManifest.xml:13:13-15:75
250                android:name="android.support.FILE_PROVIDER_PATHS"
250-->[:image_picker_android] AndroidManifest.xml:14:17-67
251                android:resource="@xml/provider_paths" />
251-->[:image_picker_android] AndroidManifest.xml:15:17-72
252        </provider>
253
254        <activity
254-->[com.sangcomz:FishBun:0.11.2] AndroidManifest.xml:22:9-25:51
255            android:name="com.sangcomz.fishbun.ui.album.AlbumActivity"
255-->[com.sangcomz:FishBun:0.11.2] AndroidManifest.xml:23:13-71
256            android:label="@string/album"
256-->[com.sangcomz:FishBun:0.11.2] AndroidManifest.xml:24:13-42
257            android:theme="@style/FishBunTheme" />
257-->[com.sangcomz:FishBun:0.11.2] AndroidManifest.xml:25:13-48
258        <activity
258-->[com.sangcomz:FishBun:0.11.2] AndroidManifest.xml:26:9-28:51
259            android:name="com.sangcomz.fishbun.ui.picker.PickerActivity"
259-->[com.sangcomz:FishBun:0.11.2] AndroidManifest.xml:27:13-73
260            android:theme="@style/FishBunTheme" />
260-->[com.sangcomz:FishBun:0.11.2] AndroidManifest.xml:28:13-48
261        <activity
261-->[com.sangcomz:FishBun:0.11.2] AndroidManifest.xml:29:9-31:54
262            android:name="com.sangcomz.fishbun.ui.detail.DetailActivity"
262-->[com.sangcomz:FishBun:0.11.2] AndroidManifest.xml:30:13-73
263            android:theme="@style/DetailViewTheme" />
263-->[com.sangcomz:FishBun:0.11.2] AndroidManifest.xml:31:13-51
264
265        <service
265-->[com.google.firebase:firebase-sessions:1.2.1] AndroidManifest.xml:22:9-25:40
266            android:name="com.google.firebase.sessions.SessionLifecycleService"
266-->[com.google.firebase:firebase-sessions:1.2.1] AndroidManifest.xml:23:13-80
267            android:enabled="true"
267-->[com.google.firebase:firebase-sessions:1.2.1] AndroidManifest.xml:24:13-35
268            android:exported="false" />
268-->[com.google.firebase:firebase-sessions:1.2.1] AndroidManifest.xml:25:13-37
269
270        <receiver
270-->[com.onesignal:notifications:5.1.2] AndroidManifest.xml:49:9-60:20
271            android:name="com.onesignal.notifications.receivers.FCMBroadcastReceiver"
271-->[com.onesignal:notifications:5.1.2] AndroidManifest.xml:50:13-86
272            android:exported="true"
272-->[com.onesignal:notifications:5.1.2] AndroidManifest.xml:51:13-36
273            android:permission="com.google.android.c2dm.permission.SEND" >
273-->[com.onesignal:notifications:5.1.2] AndroidManifest.xml:52:13-73
274
275            <!-- High priority so OneSignal payloads can be filtered from other FCM receivers -->
276            <intent-filter android:priority="999" >